05/23/2016 10:04:15 pm Deployed branch:  Commit: 
05/23/2016 11:40:54 pm Deployed branch:  Commit: 
05/23/2016 11:48:31 pm Deployed branch:  Commit: 
05/23/2016 11:49:08 pm Deployed branch:  Commit: 
05/23/2016 11:49:09 pm Deployed branch:  Commit: 
05/24/2016 12:13:15 am Deployed branch:  Commit: 
05/24/2016 12:13:33 am Deployed branch:  Commit: 
05/24/2016 12:14:06 am Deployed branch:  Commit: 
05/24/2016 12:14:06 am Deployed branch:  Commit: 
05/28/2016 06:54:11 pm Deployed branch:  Commit: 
05/28/2016 07:52:36 pm Deployed branch:  Commit: 
05/28/2016 07:58:07 pm Deployed branch:  Commit: 
05/28/2016 07:58:08 pm Deployed branch:  Commit: 
05/28/2016 10:25:19 pm Deployed branch:  Commit: 
05/28/2016 10:27:58 pm Deployed branch:  Commit: 
05/28/2016 10:27:58 pm Deployed branch:  Commit: 
05/31/2016 01:17:51 am Deployed branch:  Commit: 
05/31/2016 01:22:40 am Deployed branch:  Commit: 
05/31/2016 01:22:40 am Deployed branch:  Commit: 
05/31/2016 01:29:40 am Deployed branch:  Commit: 
05/31/2016 01:31:37 am Deployed branch:  Commit: 
05/31/2016 01:31:38 am Deployed branch:  Commit: 
06/01/2016 09:30:40 pm Deployed branch:  Commit: 
06/01/2016 09:38:50 pm Deployed branch:  Commit: 
06/01/2016 11:25:49 pm Deployed branch:  Commit: 
06/01/2016 11:33:39 pm Deployed branch:  Commit: 
06/01/2016 11:33:39 pm Deployed branch:  Commit: 
06/01/2016 11:36:54 pm Deployed branch:  Commit: 
06/01/2016 11:37:24 pm Deployed branch:  Commit: 
06/01/2016 11:37:24 pm Deployed branch:  Commit: 
06/01/2016 11:39:45 pm Deployed branch:  Commit: 
06/01/2016 11:40:02 pm Deployed branch:  Commit: 
06/01/2016 11:40:03 pm Deployed branch:  Commit: 
06/03/2016 09:08:05 pm Deployed branch:  Commit: 
06/03/2016 09:12:11 pm Deployed branch:  Commit: 
06/03/2016 09:12:12 pm Deployed branch:  Commit: 
06/03/2016 10:51:12 pm Deployed branch:  Commit: 
06/03/2016 10:54:11 pm Deployed branch:  Commit: 
06/03/2016 10:54:11 pm Deployed branch:  Commit: 
06/06/2016 03:16:55 pm Deployed branch:  Commit: 
06/06/2016 03:17:52 pm Deployed branch:  Commit: 
06/06/2016 10:20:24 pm Deployed branch:  Commit: 
06/06/2016 10:21:11 pm Deployed branch:  Commit: 
06/06/2016 10:21:11 pm Deployed branch:  Commit: 
06/06/2016 10:40:14 pm Deployed branch:  Commit: 
06/06/2016 10:47:07 pm Deployed branch:  Commit: 
06/06/2016 10:48:02 pm Deployed branch:  Commit: 
06/06/2016 10:48:02 pm Deployed branch:  Commit: 
06/09/2016 06:56:52 pm Deployed branch:  Commit: 
06/10/2016 08:02:52 pm Deployed branch:  Commit: 
06/15/2016 07:21:51 am Deployed branch:  Commit: 
06/15/2016 07:46:41 am Deployed branch:  Commit: 
06/16/2016 07:10:51 pm Deployed branch:  Commit: 
06/16/2016 07:21:34 pm Deployed branch:  Commit: 
2018-01-16 04:23:45+05:30 --- INFO: Attempting deployment...
2018-01-16 04:23:45+05:30 --- INFO: Changing working directory... 
2018-01-16 04:23:45+05:30 --- INFO: Reseting repository... 
2018-01-16 04:23:46+05:30 --- INFO: Pulling in changes... 
2018-01-16 04:23:46+05:30 --- INFO: Securing .git directory... 
2018-01-16 04:23:46+05:30 --- INFO: Deployment successful.
2018-01-16 04:38:13-05:00 --- INFO: Attempting deployment...
2018-01-16 04:38:13-05:00 --- INFO: Changing working directory... 
2018-01-16 04:38:13-05:00 --- INFO: Reseting repository... 
2018-01-16 04:38:14-05:00 --- INFO: Pulling in changes... 
2018-01-16 04:38:14-05:00 --- INFO: Securing .git directory... 
2018-01-16 04:38:14-05:00 --- INFO: Deployment successful.
2018-01-16 05:05:44-05:00 --- INFO: Attempting deployment...
2018-01-16 05:05:44-05:00 --- INFO: Changing working directory... 
2018-01-16 05:05:44-05:00 --- INFO: Reseting repository... 
2018-01-16 05:05:45-05:00 --- INFO: Pulling in changes... 
2018-01-16 05:05:45-05:00 --- INFO: Securing .git directory... 
2018-01-16 05:05:45-05:00 --- INFO: Deployment successful.
2018-01-16 05:19:43-05:00 --- INFO: Attempting deployment...
2018-01-16 05:19:43-05:00 --- INFO: Changing working directory... 
2018-01-16 05:19:43-05:00 --- INFO: Reseting repository... 
2018-01-16 05:19:44-05:00 --- INFO: Pulling in changes... 
2018-01-16 05:19:44-05:00 --- INFO: Securing .git directory... 
2018-01-16 05:19:44-05:00 --- INFO: Deployment successful.
2018-01-16 15:03:19-05:00 --- INFO: Attempting deployment...
2018-01-16 15:03:19-05:00 --- INFO: Changing working directory... 
2018-01-16 15:03:19-05:00 --- INFO: Reseting repository... 
2018-01-16 15:03:20-05:00 --- INFO: Pulling in changes... 
2018-01-16 15:03:20-05:00 --- INFO: Securing .git directory... 
2018-01-16 15:03:20-05:00 --- INFO: Deployment successful.
2018-01-26 16:26:52-05:00 --- INFO: Attempting deployment...
2018-01-26 16:26:52-05:00 --- INFO: Changing working directory... 
2018-01-26 16:26:52-05:00 --- INFO: Reseting repository... 
2018-01-26 16:26:53-05:00 --- INFO: Pulling in changes... 
2018-01-26 16:26:53-05:00 --- INFO: Securing .git directory... 
2018-01-26 16:26:53-05:00 --- INFO: Deployment successful.
2018-01-27 14:01:57-05:00 --- INFO: Attempting deployment...
2018-01-27 14:01:57-05:00 --- INFO: Changing working directory... 
2018-01-27 14:01:57-05:00 --- INFO: Reseting repository... 
2018-01-27 14:01:58-05:00 --- INFO: Pulling in changes... 
2018-01-27 14:01:58-05:00 --- INFO: Securing .git directory... 
2018-01-27 14:01:58-05:00 --- INFO: Deployment successful.
2018-01-28 00:59:11-05:00 --- INFO: Attempting deployment...
2018-01-28 00:59:11-05:00 --- INFO: Changing working directory... 
2018-01-28 00:59:11-05:00 --- INFO: Reseting repository... 
2018-01-28 00:59:12-05:00 --- INFO: Pulling in changes... 
2018-01-28 00:59:12-05:00 --- INFO: Securing .git directory... 
2018-01-28 00:59:12-05:00 --- INFO: Deployment successful.
2018-01-28 03:12:42-05:00 --- INFO: Attempting deployment...
2018-01-28 03:12:42-05:00 --- INFO: Changing working directory... 
2018-01-28 03:12:42-05:00 --- INFO: Reseting repository... 
2018-01-28 03:12:43-05:00 --- INFO: Pulling in changes... 
2018-01-28 03:12:43-05:00 --- INFO: Securing .git directory... 
2018-01-28 03:12:43-05:00 --- INFO: Deployment successful.
2018-01-28 03:14:17-05:00 --- INFO: Attempting deployment...
2018-01-28 03:14:17-05:00 --- INFO: Changing working directory... 
2018-01-28 03:14:17-05:00 --- INFO: Reseting repository... 
2018-01-28 03:14:18-05:00 --- INFO: Pulling in changes... 
2018-01-28 03:14:18-05:00 --- INFO: Securing .git directory... 
2018-01-28 03:14:18-05:00 --- INFO: Deployment successful.
2018-01-28 03:15:12-05:00 --- INFO: Attempting deployment...
2018-01-28 03:15:12-05:00 --- INFO: Changing working directory... 
2018-01-28 03:15:12-05:00 --- INFO: Reseting repository... 
2018-01-28 03:15:13-05:00 --- INFO: Pulling in changes... 
2018-01-28 03:15:13-05:00 --- INFO: Securing .git directory... 
2018-01-28 03:15:13-05:00 --- INFO: Deployment successful.
2018-01-28 03:15:42-05:00 --- INFO: Attempting deployment...
2018-01-28 03:15:42-05:00 --- INFO: Changing working directory... 
2018-01-28 03:15:42-05:00 --- INFO: Reseting repository... 
2018-01-28 03:15:43-05:00 --- INFO: Pulling in changes... 
2018-01-28 03:15:43-05:00 --- INFO: Securing .git directory... 
2018-01-28 03:15:43-05:00 --- INFO: Deployment successful.
2018-01-28 03:15:59-05:00 --- INFO: Attempting deployment...
2018-01-28 03:15:59-05:00 --- INFO: Changing working directory... 
2018-01-28 03:15:59-05:00 --- INFO: Reseting repository... 
2018-01-28 03:16:00-05:00 --- INFO: Pulling in changes... 
2018-01-28 03:16:00-05:00 --- INFO: Securing .git directory... 
2018-01-28 03:16:00-05:00 --- INFO: Deployment successful.
2018-01-28 03:16:30-05:00 --- INFO: Attempting deployment...
2018-01-28 03:16:30-05:00 --- INFO: Changing working directory... 
2018-01-28 03:16:30-05:00 --- INFO: Reseting repository... 
2018-01-28 03:16:30-05:00 --- INFO: Pulling in changes... 
2018-01-28 03:16:30-05:00 --- INFO: Securing .git directory... 
2018-01-28 03:16:30-05:00 --- INFO: Deployment successful.
2018-01-28 03:16:44-05:00 --- INFO: Attempting deployment...
2018-01-28 03:16:44-05:00 --- INFO: Changing working directory... 
2018-01-28 03:16:44-05:00 --- INFO: Reseting repository... 
2018-01-28 03:16:44-05:00 --- INFO: Pulling in changes... 
2018-01-28 03:16:44-05:00 --- INFO: Securing .git directory... 
2018-01-28 03:16:44-05:00 --- INFO: Deployment successful.
2018-01-28 03:17:12-05:00 --- INFO: Attempting deployment...
2018-01-28 03:17:12-05:00 --- INFO: Changing working directory... 
2018-01-28 03:17:12-05:00 --- INFO: Reseting repository... 
2018-01-28 03:17:13-05:00 --- INFO: Pulling in changes... 
2018-01-28 03:17:13-05:00 --- INFO: Securing .git directory... 
2018-01-28 03:17:13-05:00 --- INFO: Deployment successful.
2018-01-28 23:52:56-05:00 --- INFO: Attempting deployment...
2018-01-28 23:52:56-05:00 --- INFO: Changing working directory... 
2018-01-28 23:52:56-05:00 --- INFO: Reseting repository... 
2018-01-28 23:52:57-05:00 --- INFO: Pulling in changes... 
2018-01-28 23:52:57-05:00 --- INFO: Securing .git directory... 
2018-01-28 23:52:57-05:00 --- INFO: Deployment successful.
2018-01-29 00:24:28-05:00 --- INFO: Attempting deployment...
2018-01-29 00:24:28-05:00 --- INFO: Changing working directory... 
2018-01-29 00:24:28-05:00 --- INFO: Reseting repository... 
2018-01-29 00:24:29-05:00 --- INFO: Pulling in changes... 
2018-01-29 00:24:29-05:00 --- INFO: Securing .git directory... 
2018-01-29 00:24:29-05:00 --- INFO: Deployment successful.
2018-02-02 19:08:40-05:00 --- INFO: Attempting deployment...
2018-02-02 19:08:40-05:00 --- INFO: Changing working directory... 
2018-02-02 19:08:40-05:00 --- INFO: Reseting repository... 
2018-02-02 19:08:40-05:00 --- INFO: Pulling in changes... 
2018-02-02 19:08:40-05:00 --- INFO: Securing .git directory... 
2018-02-02 19:08:40-05:00 --- INFO: Deployment successful.
2018-02-04 16:02:42-05:00 --- INFO: Attempting deployment...
2018-02-04 16:02:42-05:00 --- INFO: Changing working directory... 
2018-02-04 16:02:42-05:00 --- INFO: Reseting repository... 
2018-02-04 16:02:42-05:00 --- INFO: Pulling in changes... 
2018-02-04 16:02:42-05:00 --- INFO: Securing .git directory... 
2018-02-04 16:02:42-05:00 --- INFO: Deployment successful.
2018-02-04 16:25:17-05:00 --- INFO: Attempting deployment...
2018-02-04 16:25:17-05:00 --- INFO: Changing working directory... 
2018-02-04 16:25:17-05:00 --- INFO: Reseting repository... 
2018-02-04 16:25:17-05:00 --- INFO: Pulling in changes... 
2018-02-04 16:25:17-05:00 --- INFO: Securing .git directory... 
2018-02-04 16:25:17-05:00 --- INFO: Deployment successful.
2018-02-04 16:51:34-05:00 --- INFO: Attempting deployment...
2018-02-04 16:51:34-05:00 --- INFO: Changing working directory... 
2018-02-04 16:51:34-05:00 --- INFO: Reseting repository... 
2018-02-04 16:51:34-05:00 --- INFO: Pulling in changes... 
2018-02-04 16:51:34-05:00 --- INFO: Securing .git directory... 
2018-02-04 16:51:34-05:00 --- INFO: Deployment successful.
2018-02-05 00:08:41-05:00 --- INFO: Attempting deployment...
2018-02-05 00:08:41-05:00 --- INFO: Changing working directory... 
2018-02-05 00:08:41-05:00 --- INFO: Reseting repository... 
2018-02-05 00:08:41-05:00 --- INFO: Pulling in changes... 
2018-02-05 00:08:41-05:00 --- INFO: Securing .git directory... 
2018-02-05 00:08:41-05:00 --- INFO: Deployment successful.
2018-02-05 14:23:23-05:00 --- INFO: Attempting deployment...
2018-02-05 14:23:23-05:00 --- INFO: Changing working directory... 
2018-02-05 14:23:23-05:00 --- INFO: Reseting repository... 
2018-02-05 14:23:23-05:00 --- INFO: Pulling in changes... 
2018-02-05 14:23:23-05:00 --- INFO: Securing .git directory... 
2018-02-05 14:23:23-05:00 --- INFO: Deployment successful.
2018-02-10 13:27:58-05:00 --- INFO: Attempting deployment...
2018-02-10 13:27:58-05:00 --- INFO: Changing working directory... 
2018-02-10 13:27:58-05:00 --- INFO: Reseting repository... 
2018-02-10 13:27:58-05:00 --- INFO: Pulling in changes... 
2018-02-10 13:27:58-05:00 --- INFO: Securing .git directory... 
2018-02-10 13:27:58-05:00 --- INFO: Deployment successful.
2018-02-10 14:20:12-05:00 --- INFO: Attempting deployment...
2018-02-10 14:20:12-05:00 --- INFO: Changing working directory... 
2018-02-10 14:20:12-05:00 --- INFO: Reseting repository... 
2018-02-10 14:20:12-05:00 --- INFO: Pulling in changes... 
2018-02-10 14:20:12-05:00 --- INFO: Securing .git directory... 
2018-02-10 14:20:12-05:00 --- INFO: Deployment successful.
2018-02-15 18:04:41-05:00 --- INFO: Attempting deployment...
2018-02-15 18:04:41-05:00 --- INFO: Changing working directory... 
2018-02-15 18:04:41-05:00 --- INFO: Reseting repository... 
2018-02-15 18:04:41-05:00 --- INFO: Pulling in changes... 
2018-02-15 18:04:41-05:00 --- INFO: Securing .git directory... 
2018-02-15 18:04:41-05:00 --- INFO: Deployment successful.
2018-02-15 18:18:01-05:00 --- INFO: Attempting deployment...
2018-02-15 18:18:01-05:00 --- INFO: Changing working directory... 
2018-02-15 18:18:01-05:00 --- INFO: Reseting repository... 
2018-02-15 18:18:01-05:00 --- INFO: Pulling in changes... 
2018-02-15 18:18:01-05:00 --- INFO: Securing .git directory... 
2018-02-15 18:18:01-05:00 --- INFO: Deployment successful.
2018-02-15 22:20:55-05:00 --- INFO: Attempting deployment...
2018-02-15 22:20:55-05:00 --- INFO: Changing working directory... 
2018-02-15 22:20:55-05:00 --- INFO: Reseting repository... 
2018-02-15 22:20:55-05:00 --- INFO: Pulling in changes... 
2018-02-15 22:20:55-05:00 --- INFO: Securing .git directory... 
2018-02-15 22:20:55-05:00 --- INFO: Deployment successful.
2018-02-15 22:31:02-05:00 --- INFO: Attempting deployment...
2018-02-15 22:31:02-05:00 --- INFO: Changing working directory... 
2018-02-15 22:31:02-05:00 --- INFO: Reseting repository... 
02/16/2018 03:31:02 am Deployed branch:  Commit: 
2018-02-15 22:31:02-05:00 --- INFO: Pulling in changes... 
2018-02-15 22:31:02-05:00 --- INFO: Securing .git directory... 
2018-02-15 22:31:02-05:00 --- INFO: Deployment successful.
2018-02-16 01:20:04-05:00 --- INFO: Attempting deployment...
2018-02-16 01:20:04-05:00 --- INFO: Changing working directory... 
2018-02-16 01:20:04-05:00 --- INFO: Reseting repository... 
2018-02-16 01:20:04-05:00 --- INFO: Pulling in changes... 
2018-02-16 01:20:04-05:00 --- INFO: Securing .git directory... 
2018-02-16 01:20:04-05:00 --- INFO: Deployment successful.
2018-02-16 01:20:06-05:00 --- INFO: Attempting deployment...
2018-02-16 01:20:06-05:00 --- INFO: Changing working directory... 
2018-02-16 01:20:06-05:00 --- INFO: Reseting repository... 
2018-02-16 01:20:06-05:00 --- INFO: Pulling in changes... 
2018-02-16 01:20:06-05:00 --- INFO: Securing .git directory... 
2018-02-16 01:20:06-05:00 --- INFO: Deployment successful.
